[15:40:50] [ServerMain/INFO]: Environment: Environment[sessionHost=https://sessionserver.mojang.com, servicesHost=https://api.minecraftservices.com, name=PROD]
[15:40:50] [ServerMain/WARN]: Missing data pack paper
[15:40:52] [ServerMain/INFO]: Loaded 1337 recipes
[15:40:52] [ServerMain/INFO]: Loaded 1448 advancements
[15:40:52] [Server thread/INFO]: Starting minecraft server version 1.21.3
[15:40:52] [Server thread/INFO]: Loading properties
[15:40:52] [Server thread/INFO]: Default game type: SURVIVAL
[15:40:52] [Server thread/INFO]: Generating keypair
[15:40:52] [Server thread/INFO]: Starting Minecraft server on *:25565
[15:40:52] [Server thread/INFO]: Using epoll channel type
[15:40:52] [Server thread/WARN]: **** SERVER IS RUNNING IN OFFLINE/INSECURE MODE!
[15:40:52] [Server thread/WARN]: The server will make no attempt to authenticate usernames. Beware.
[15:40:52] [Server thread/WARN]: While this makes the game possible to play without internet access, it also opens up the ability for hackers to connect with any username they choose.
[15:40:52] [Server thread/WARN]: To change this, set "online-mode" to "true" in the server.properties file.
[15:40:52] [Server thread/INFO]: Preparing level "world"
[15:40:52] [Server thread/INFO]: Preparing start region for dimension minecraft:overworld
[15:40:55] [Worker-Main-2/INFO]: Preparing spawn area: 0%
[15:40:55] [Worker-Main-2/INFO]: Preparing spawn area: 0%
[15:40:55] [Worker-Main-2/INFO]: Preparing spawn area: 0%
[15:40:55] [Worker-Main-2/INFO]: Preparing spawn area: 0%
[15:40:55] [Worker-Main-2/INFO]: Preparing spawn area: 0%
[15:40:55] [Worker-Main-2/INFO]: Preparing spawn area: 0%
[15:40:56] [Server thread/INFO]: Time elapsed: 3286 ms
[15:40:56] [Server thread/INFO]: Done (3.570s)! For help, type "help"
[15:40:59] [Server thread/INFO]: Stopping the server
[15:40:59] [Server thread/INFO]: Stopping server
[15:40:59] [Server thread/INFO]: Saving players
[15:40:59] [Server thread/INFO]: Saving worlds
[15:41:00] [Server thread/INFO]: Saving chunks for level 'ServerLevel[world]'/minecraft:overworld
[15:41:00] [Server thread/INFO]: Saving chunks for level 'ServerLevel[world]'/minecraft:the_end
[15:41:00] [Server thread/INFO]: Saving chunks for level 'ServerLevel[world]'/minecraft:the_nether
[15:41:00] [Server thread/INFO]: ThreadedAnvilChunkStorage (world): All chunks are saved
[15:41:00] [Server thread/INFO]: ThreadedAnvilChunkStorage (DIM1): All chunks are saved
[15:41:00] [Server thread/INFO]: ThreadedAnvilChunkStorage (DIM-1): All chunks are saved
[15:41:00] [Server thread/INFO]: ThreadedAnvilChunkStorage: All dimensions are saved
